<?xml version="1.0" encoding="UTF-8"?>
<coverage generated="1773246583479" clover="3.2.0">
  <project timestamp="1773246583479" name="All files">
    <metrics statements="92" coveredstatements="72" conditionals="30" coveredconditionals="20" methods="21" coveredmethods="17" elements="143" coveredelements="109" complexity="0" loc="92" ncloc="92" packages="1" files="2" classes="2"/>
    <file name="correlation.ts" path="/mnt/area51/Projects/SocialsMonitor/server/src/correlation.ts">
      <metrics statements="17" coveredstatements="16" conditionals="6" coveredconditionals="5" methods="2" coveredmethods="1"/>
      <line num="5" count="3" type="stmt"/>
      <line num="6" count="3" type="stmt"/>
      <line num="8" count="3" type="stmt"/>
      <line num="10" count="6" type="stmt"/>
      <line num="12" count="6" type="stmt"/>
      <line num="13" count="17" type="stmt"/>
      <line num="14" count="17" type="cond" truecount="2" falsecount="0"/>
      <line num="16" count="17" type="stmt"/>
      <line num="17" count="19" type="stmt"/>
      <line num="18" count="19" type="stmt"/>
      <line num="19" count="19" type="cond" truecount="2" falsecount="0"/>
      <line num="24" count="3" type="stmt"/>
      <line num="26" count="3" type="stmt"/>
      <line num="27" count="19" type="stmt"/>
      <line num="30" count="19" type="cond" truecount="1" falsecount="1"/>
      <line num="31" count="0" type="stmt"/>
      <line num="35" count="3" type="stmt"/>
    </file>
    <file name="generate-report.ts" path="/mnt/area51/Projects/SocialsMonitor/server/src/generate-report.ts">
      <metrics statements="75" coveredstatements="56" conditionals="24" coveredconditionals="15" methods="19" coveredmethods="16"/>
      <line num="10" count="1" type="stmt"/>
      <line num="11" count="1" type="stmt"/>
      <line num="13" count="1" type="stmt"/>
      <line num="16" count="1" type="stmt"/>
      <line num="17" count="1" type="stmt"/>
      <line num="24" count="1" type="stmt"/>
      <line num="25" count="600" type="stmt"/>
      <line num="27" count="1" type="stmt"/>
      <line num="31" count="6" type="stmt"/>
      <line num="32" count="3" type="stmt"/>
      <line num="34" count="3" type="stmt"/>
      <line num="38" count="3" type="cond" truecount="1" falsecount="1"/>
      <line num="39" count="0" type="stmt"/>
      <line num="40" count="0" type="stmt"/>
      <line num="42" count="3" type="stmt"/>
      <line num="45" count="3" type="stmt"/>
      <line num="49" count="3" type="stmt"/>
      <line num="50" count="3" type="stmt"/>
      <line num="51" count="6" type="stmt"/>
      <line num="52" count="6" type="cond" truecount="1" falsecount="1"/>
      <line num="53" count="6" type="cond" truecount="2" falsecount="0"/>
      <line num="56" count="3" type="stmt"/>
      <line num="60" count="3" type="stmt"/>
      <line num="61" count="3" type="stmt"/>
      <line num="62" count="3" type="stmt"/>
      <line num="64" count="3" type="stmt"/>
      <line num="66" count="3" type="stmt"/>
      <line num="67" count="4" type="stmt"/>
      <line num="69" count="3" type="stmt"/>
      <line num="95" count="3" type="stmt"/>
      <line num="99" count="2" type="stmt"/>
      <line num="100" count="2" type="stmt"/>
      <line num="101" count="3" type="cond" truecount="1" falsecount="1"/>
      <line num="102" count="3" type="stmt"/>
      <line num="103" count="5" type="cond" truecount="1" falsecount="1"/>
      <line num="104" count="5" type="cond" truecount="2" falsecount="0"/>
      <line num="109" count="2" type="stmt"/>
      <line num="110" count="2" type="stmt"/>
      <line num="113" count="2" type="stmt"/>
      <line num="117" count="2" type="cond" truecount="1" falsecount="1"/>
      <line num="118" count="2" type="stmt"/>
      <line num="124" count="4" type="stmt"/>
      <line num="129" count="0" type="stmt"/>
      <line num="132" count="2" type="stmt"/>
      <line num="136" count="2" type="stmt"/>
      <line num="137" count="3" type="stmt"/>
      <line num="141" count="1" type="stmt"/>
      <line num="144" count="2" type="stmt"/>
      <line num="148" count="2" type="cond" truecount="1" falsecount="1"/>
      <line num="149" count="2" type="stmt"/>
      <line num="155" count="3" type="stmt"/>
      <line num="160" count="0" type="stmt"/>
      <line num="163" count="2" type="stmt"/>
      <line num="167" count="2" type="stmt"/>
      <line num="168" count="2" type="stmt"/>
      <line num="169" count="2" type="stmt"/>
      <line num="170" count="2" type="stmt"/>
      <line num="171" count="2" type="stmt"/>
      <line num="173" count="2" type="stmt"/>
      <line num="184" count="0" type="stmt"/>
      <line num="185" count="0" type="stmt"/>
      <line num="187" count="0" type="stmt"/>
      <line num="188" count="0" type="stmt"/>
      <line num="190" count="0" type="stmt"/>
      <line num="191" count="0" type="stmt"/>
      <line num="193" count="0" type="stmt"/>
      <line num="202" count="0" type="stmt"/>
      <line num="204" count="0" type="stmt"/>
      <line num="221" count="0" type="stmt"/>
      <line num="222" count="0" type="stmt"/>
      <line num="224" count="0" type="stmt"/>
      <line num="228" count="1" type="cond" truecount="3" falsecount="1"/>
      <line num="229" count="0" type="stmt"/>
      <line num="230" count="0" type="stmt"/>
      <line num="231" count="0" type="stmt"/>
    </file>
  </project>
</coverage>
