{"/mnt/area51/Projects/SocialsMonitor/server/src/correlation.ts": {"path":"/mnt/area51/Projects/SocialsMonitor/server/src/correlation.ts","statementMap":{"0":{"start":{"line":5,"column":45},"end":{"line":5,"column":null}},"1":{"start":{"line":6,"column":38},"end":{"line":6,"column":null}},"2":{"start":{"line":8,"column":2},"end":{"line":22,"column":null}},"3":{"start":{"line":10,"column":27},"end":{"line":10,"column":null}},"4":{"start":{"line":12,"column":4},"end":{"line":21,"column":null}},"5":{"start":{"line":12,"column":17},"end":{"line":12,"column":20}},"6":{"start":{"line":13,"column":17},"end":{"line":13,"column":null}},"7":{"start":{"line":14,"column":6},"end":{"line":14,"column":null}},"8":{"start":{"line":16,"column":6},"end":{"line":20,"column":null}},"9":{"start":{"line":16,"column":19},"end":{"line":16,"column":26}},"10":{"start":{"line":17,"column":19},"end":{"line":17,"column":null}},"11":{"start":{"line":18,"column":21},"end":{"line":18,"column":null}},"12":{"start":{"line":19,"column":8},"end":{"line":19,"column":null}},"13":{"start":{"line":24,"column":62},"end":{"line":24,"column":null}},"14":{"start":{"line":26,"column":2},"end":{"line":33,"column":null}},"15":{"start":{"line":27,"column":17},"end":{"line":27,"column":null}},"16":{"start":{"line":30,"column":4},"end":{"line":32,"column":null}},"17":{"start":{"line":31,"column":6},"end":{"line":31,"column":null}},"18":{"start":{"line":35,"column":2},"end":{"line":35,"column":null}},"19":{"start":{"line":35,"column":31},"end":{"line":35,"column":48}}},"fnMap":{"0":{"name":"detectCorrelations","decl":{"start":{"line":4,"column":16},"end":{"line":4,"column":35}},"loc":{"start":{"line":4,"column":99},"end":{"line":36,"column":null}},"line":4},"1":{"name":"(anonymous_1)","decl":{"start":{"line":35,"column":21},"end":{"line":35,"column":22}},"loc":{"start":{"line":35,"column":31},"end":{"line":35,"column":48}},"line":35}},"branchMap":{"0":{"loc":{"start":{"line":14,"column":22},"end":{"line":14,"column":45}},"type":"binary-expr","locations":[{"start":{"line":14,"column":22},"end":{"line":14,"column":40}},{"start":{"line":14,"column":40},"end":{"line":14,"column":45}}],"line":14},"1":{"loc":{"start":{"line":19,"column":33},"end":{"line":19,"column":65}},"type":"binary-expr","locations":[{"start":{"line":19,"column":33},"end":{"line":19,"column":60}},{"start":{"line":19,"column":60},"end":{"line":19,"column":65}}],"line":19},"2":{"loc":{"start":{"line":30,"column":4},"end":{"line":32,"column":null}},"type":"if","locations":[{"start":{"line":30,"column":4},"end":{"line":32,"column":null}},{"start":{},"end":{}}],"line":30}},"s":{"0":3,"1":3,"2":3,"3":6,"4":6,"5":6,"6":17,"7":17,"8":17,"9":17,"10":19,"11":19,"12":19,"13":3,"14":3,"15":19,"16":19,"17":0,"18":3,"19":0},"f":{"0":3,"1":0},"b":{"0":[17,13],"1":[19,19],"2":[0,19]},"meta":{"lastBranch":3,"lastFunction":2,"lastStatement":20,"seen":{"f:4:16:4:35":0,"s:5:45:5:Infinity":0,"s:6:38:6:Infinity":1,"s:8:2:22:Infinity":2,"s:10:27:10:Infinity":3,"s:12:4:21:Infinity":4,"s:12:17:12:20":5,"s:13:17:13:Infinity":6,"s:14:6:14:Infinity":7,"b:14:22:14:40:14:40:14:45":0,"s:16:6:20:Infinity":8,"s:16:19:16:26":9,"s:17:19:17:Infinity":10,"s:18:21:18:Infinity":11,"s:19:8:19:Infinity":12,"b:19:33:19:60:19:60:19:65":1,"s:24:62:24:Infinity":13,"s:26:2:33:Infinity":14,"s:27:17:27:Infinity":15,"b:30:4:32:Infinity:undefined:undefined:undefined:undefined":2,"s:30:4:32:Infinity":16,"s:31:6:31:Infinity":17,"s:35:2:35:Infinity":18,"f:35:21:35:22":1,"s:35:31:35:48":19}}}
,"/mnt/area51/Projects/SocialsMonitor/server/src/generate-report.ts": {"path":"/mnt/area51/Projects/SocialsMonitor/server/src/generate-report.ts","statementMap":{"0":{"start":{"line":10,"column":6},"end":{"line":10,"column":null}},"1":{"start":{"line":11,"column":18},"end":{"line":11,"column":null}},"2":{"start":{"line":13,"column":0},"end":{"line":13,"column":null}},"3":{"start":{"line":16,"column":25},"end":{"line":16,"column":null}},"4":{"start":{"line":17,"column":17},"end":{"line":22,"column":null}},"5":{"start":{"line":24,"column":2},"end":{"line":26,"column":null}},"6":{"start":{"line":25,"column":4},"end":{"line":25,"column":null}},"7":{"start":{"line":27,"column":2},"end":{"line":27,"column":null}},"8":{"start":{"line":31,"column":16},"end":{"line":31,"column":null}},"9":{"start":{"line":31,"column":32},"end":{"line":31,"column":75}},"10":{"start":{"line":32,"column":8},"end":{"line":32,"column":null}},"11":{"start":{"line":34,"column":25},"end":{"line":36,"column":null}},"12":{"start":{"line":38,"column":2},"end":{"line":43,"column":null}},"13":{"start":{"line":39,"column":15},"end":{"line":39,"column":null}},"14":{"start":{"line":39,"column":37},"end":{"line":39,"column":72}},"15":{"start":{"line":40,"column":4},"end":{"line":40,"column":null}},"16":{"start":{"line":42,"column":4},"end":{"line":42,"column":null}},"17":{"start":{"line":45,"column":2},"end":{"line":45,"column":null}},"18":{"start":{"line":49,"column":45},"end":{"line":49,"column":null}},"19":{"start":{"line":50,"column":2},"end":{"line":55,"column":null}},"20":{"start":{"line":51,"column":17},"end":{"line":51,"column":null}},"21":{"start":{"line":52,"column":4},"end":{"line":54,"column":null}},"22":{"start":{"line":53,"column":6},"end":{"line":53,"column":null}},"23":{"start":{"line":56,"column":2},"end":{"line":56,"column":null}},"24":{"start":{"line":60,"column":16},"end":{"line":60,"column":null}},"25":{"start":{"line":61,"column":17},"end":{"line":61,"column":null}},"26":{"start":{"line":62,"column":8},"end":{"line":62,"column":null}},"27":{"start":{"line":64,"column":14},"end":{"line":64,"column":null}},"28":{"start":{"line":66,"column":17},"end":{"line":66,"column":null}},"29":{"start":{"line":67,"column":15},"end":{"line":67,"column":null}},"30":{"start":{"line":67,"column":35},"end":{"line":67,"column":56}},"31":{"start":{"line":69,"column":2},"end":{"line":93,"column":null}},"32":{"start":{"line":95,"column":2},"end":{"line":95,"column":null}},"33":{"start":{"line":99,"column":48},"end":{"line":99,"column":null}},"34":{"start":{"line":100,"column":2},"end":{"line":107,"column":null}},"35":{"start":{"line":101,"column":21},"end":{"line":101,"column":null}},"36":{"start":{"line":102,"column":4},"end":{"line":106,"column":null}},"37":{"start":{"line":103,"column":6},"end":{"line":105,"column":null}},"38":{"start":{"line":104,"column":8},"end":{"line":104,"column":null}},"39":{"start":{"line":109,"column":25},"end":{"line":111,"column":null}},"40":{"start":{"line":110,"column":28},"end":{"line":110,"column":33}},"41":{"start":{"line":113,"column":25},"end":{"line":115,"column":null}},"42":{"start":{"line":117,"column":2},"end":{"line":130,"column":null}},"43":{"start":{"line":118,"column":4},"end":{"line":127,"column":null}},"44":{"start":{"line":124,"column":50},"end":{"line":124,"column":73}},"45":{"start":{"line":129,"column":4},"end":{"line":129,"column":null}},"46":{"start":{"line":132,"column":2},"end":{"line":132,"column":null}},"47":{"start":{"line":136,"column":20},"end":{"line":142,"column":null}},"48":{"start":{"line":137,"column":17},"end":{"line":140,"column":6}},"49":{"start":{"line":141,"column":20},"end":{"line":141,"column":37}},"50":{"start":{"line":144,"column":25},"end":{"line":146,"column":null}},"51":{"start":{"line":148,"column":2},"end":{"line":161,"column":null}},"52":{"start":{"line":149,"column":4},"end":{"line":158,"column":null}},"53":{"start":{"line":155,"column":32},"end":{"line":155,"column":60}},"54":{"start":{"line":160,"column":4},"end":{"line":160,"column":null}},"55":{"start":{"line":163,"column":2},"end":{"line":163,"column":null}},"56":{"start":{"line":167,"column":30},"end":{"line":167,"column":null}},"57":{"start":{"line":168,"column":25},"end":{"line":168,"column":null}},"58":{"start":{"line":169,"column":21},"end":{"line":169,"column":null}},"59":{"start":{"line":170,"column":26},"end":{"line":170,"column":null}},"60":{"start":{"line":171,"column":23},"end":{"line":171,"column":null}},"61":{"start":{"line":173,"column":2},"end":{"line":180,"column":null}},"62":{"start":{"line":184,"column":18},"end":{"line":184,"column":null}},"63":{"start":{"line":185,"column":21},"end":{"line":185,"column":null}},"64":{"start":{"line":187,"column":2},"end":{"line":187,"column":null}},"65":{"start":{"line":188,"column":15},"end":{"line":188,"column":null}},"66":{"start":{"line":190,"column":2},"end":{"line":190,"column":null}},"67":{"start":{"line":191,"column":18},"end":{"line":191,"column":null}},"68":{"start":{"line":193,"column":16},"end":{"line":200,"column":null}},"69":{"start":{"line":202,"column":2},"end":{"line":202,"column":null}},"70":{"start":{"line":204,"column":24},"end":{"line":219,"column":null}},"71":{"start":{"line":221,"column":2},"end":{"line":221,"column":null}},"72":{"start":{"line":222,"column":2},"end":{"line":222,"column":null}},"73":{"start":{"line":224,"column":2},"end":{"line":224,"column":null}},"74":{"start":{"line":228,"column":0},"end":{"line":233,"column":null}},"75":{"start":{"line":229,"column":2},"end":{"line":232,"column":null}},"76":{"start":{"line":230,"column":4},"end":{"line":230,"column":null}},"77":{"start":{"line":231,"column":4},"end":{"line":231,"column":null}}},"fnMap":{"0":{"name":"readCsvData","decl":{"start":{"line":15,"column":22},"end":{"line":15,"column":34}},"loc":{"start":{"line":15,"column":68},"end":{"line":28,"column":null}},"line":15},"1":{"name":"generateCorrelationAnalysis","decl":{"start":{"line":30,"column":16},"end":{"line":30,"column":44}},"loc":{"start":{"line":30,"column":64},"end":{"line":46,"column":null}},"line":30},"2":{"name":"(anonymous_2)","decl":{"start":{"line":31,"column":25},"end":{"line":31,"column":32}},"loc":{"start":{"line":31,"column":32},"end":{"line":31,"column":75}},"line":31},"3":{"name":"(anonymous_3)","decl":{"start":{"line":39,"column":32},"end":{"line":39,"column":37}},"loc":{"start":{"line":39,"column":37},"end":{"line":39,"column":72}},"line":39},"4":{"name":"generateTimeSeriesData","decl":{"start":{"line":48,"column":16},"end":{"line":48,"column":39}},"loc":{"start":{"line":48,"column":76},"end":{"line":57,"column":null}},"line":48},"5":{"name":"generateChartImage","decl":{"start":{"line":59,"column":22},"end":{"line":59,"column":41}},"loc":{"start":{"line":59,"column":98},"end":{"line":96,"column":null}},"line":59},"6":{"name":"(anonymous_6)","decl":{"start":{"line":67,"column":26},"end":{"line":67,"column":35}},"loc":{"start":{"line":67,"column":35},"end":{"line":67,"column":56}},"line":67},"7":{"name":"generateHashtagsSummary","decl":{"start":{"line":98,"column":16},"end":{"line":98,"column":40}},"loc":{"start":{"line":98,"column":60},"end":{"line":133,"column":null}},"line":98},"8":{"name":"(anonymous_8)","decl":{"start":{"line":100,"column":15},"end":{"line":100,"column":22}},"loc":{"start":{"line":100,"column":22},"end":{"line":107,"column":3}},"line":100},"9":{"name":"(anonymous_9)","decl":{"start":{"line":102,"column":21},"end":{"line":102,"column":22}},"loc":{"start":{"line":102,"column":38},"end":{"line":106,"column":5}},"line":102},"10":{"name":"(anonymous_10)","decl":{"start":{"line":110,"column":10},"end":{"line":110,"column":11}},"loc":{"start":{"line":110,"column":28},"end":{"line":110,"column":33}},"line":110},"11":{"name":"(anonymous_11)","decl":{"start":{"line":124,"column":32},"end":{"line":124,"column":33}},"loc":{"start":{"line":124,"column":50},"end":{"line":124,"column":73}},"line":124},"12":{"name":"generateLikesSummary","decl":{"start":{"line":135,"column":16},"end":{"line":135,"column":37}},"loc":{"start":{"line":135,"column":57},"end":{"line":164,"column":null}},"line":135},"13":{"name":"(anonymous_13)","decl":{"start":{"line":137,"column":9},"end":{"line":137,"column":17}},"loc":{"start":{"line":137,"column":17},"end":{"line":140,"column":6}},"line":137},"14":{"name":"(anonymous_14)","decl":{"start":{"line":141,"column":10},"end":{"line":141,"column":11}},"loc":{"start":{"line":141,"column":20},"end":{"line":141,"column":37}},"line":141},"15":{"name":"(anonymous_15)","decl":{"start":{"line":155,"column":27},"end":{"line":155,"column":32}},"loc":{"start":{"line":155,"column":32},"end":{"line":155,"column":60}},"line":155},"16":{"name":"generatePdfContent","decl":{"start":{"line":166,"column":22},"end":{"line":166,"column":41}},"loc":{"start":{"line":166,"column":70},"end":{"line":181,"column":null}},"line":166},"17":{"name":"run","decl":{"start":{"line":183,"column":15},"end":{"line":183,"column":21}},"loc":{"start":{"line":183,"column":21},"end":{"line":225,"column":null}},"line":183},"18":{"name":"(anonymous_18)","decl":{"start":{"line":229,"column":14},"end":{"line":229,"column":21}},"loc":{"start":{"line":229,"column":21},"end":{"line":232,"column":3}},"line":229}},"branchMap":{"0":{"loc":{"start":{"line":38,"column":2},"end":{"line":43,"column":null}},"type":"if","locations":[{"start":{"line":38,"column":2},"end":{"line":43,"column":null}},{"start":{"line":41,"column":9},"end":{"line":43,"column":null}}],"line":38},"1":{"loc":{"start":{"line":52,"column":4},"end":{"line":54,"column":null}},"type":"if","locations":[{"start":{"line":52,"column":4},"end":{"line":54,"column":null}},{"start":{},"end":{}}],"line":52},"2":{"loc":{"start":{"line":53,"column":26},"end":{"line":53,"column":51}},"type":"binary-expr","locations":[{"start":{"line":53,"column":26},"end":{"line":53,"column":46}},{"start":{"line":53,"column":46},"end":{"line":53,"column":51}}],"line":53},"3":{"loc":{"start":{"line":101,"column":21},"end":{"line":101,"column":null}},"type":"cond-expr","locations":[{"start":{"line":101,"column":36},"end":{"line":101,"column":64}},{"start":{"line":101,"column":64},"end":{"line":101,"column":null}}],"line":101},"4":{"loc":{"start":{"line":103,"column":6},"end":{"line":105,"column":null}},"type":"if","locations":[{"start":{"line":103,"column":6},"end":{"line":105,"column":null}},{"start":{},"end":{}}],"line":103},"5":{"loc":{"start":{"line":104,"column":30},"end":{"line":104,"column":57}},"type":"binary-expr","locations":[{"start":{"line":104,"column":30},"end":{"line":104,"column":52}},{"start":{"line":104,"column":52},"end":{"line":104,"column":57}}],"line":104},"6":{"loc":{"start":{"line":117,"column":2},"end":{"line":130,"column":null}},"type":"if","locations":[{"start":{"line":117,"column":2},"end":{"line":130,"column":null}},{"start":{"line":128,"column":9},"end":{"line":130,"column":null}}],"line":117},"7":{"loc":{"start":{"line":138,"column":50},"end":{"line":138,"column":null}},"type":"cond-expr","locations":[{"start":{"line":138,"column":82},"end":{"line":138,"column":90}},{"start":{"line":138,"column":90},"end":{"line":138,"column":null}}],"line":138},"8":{"loc":{"start":{"line":139,"column":13},"end":{"line":139,"column":null}},"type":"binary-expr","locations":[{"start":{"line":139,"column":13},"end":{"line":139,"column":36}},{"start":{"line":139,"column":36},"end":{"line":139,"column":null}}],"line":139},"9":{"loc":{"start":{"line":148,"column":2},"end":{"line":161,"column":null}},"type":"if","locations":[{"start":{"line":148,"column":2},"end":{"line":161,"column":null}},{"start":{"line":159,"column":9},"end":{"line":161,"column":null}}],"line":148},"10":{"loc":{"start":{"line":228,"column":0},"end":{"line":233,"column":null}},"type":"if","locations":[{"start":{"line":228,"column":0},"end":{"line":233,"column":null}},{"start":{},"end":{}}],"line":228},"11":{"loc":{"start":{"line":228,"column":4},"end":{"line":228,"column":87}},"type":"binary-expr","locations":[{"start":{"line":228,"column":4},"end":{"line":228,"column":38}},{"start":{"line":228,"column":38},"end":{"line":228,"column":87}}],"line":228}},"s":{"0":1,"1":1,"2":1,"3":1,"4":1,"5":1,"6":600,"7":1,"8":3,"9":6,"10":3,"11":3,"12":3,"13":0,"14":0,"15":0,"16":3,"17":3,"18":3,"19":3,"20":6,"21":6,"22":6,"23":3,"24":3,"25":3,"26":3,"27":3,"28":3,"29":3,"30":4,"31":3,"32":3,"33":2,"34":2,"35":3,"36":3,"37":5,"38":5,"39":2,"40":2,"41":2,"42":2,"43":2,"44":4,"45":0,"46":2,"47":2,"48":3,"49":1,"50":2,"51":2,"52":2,"53":3,"54":0,"55":2,"56":2,"57":2,"58":2,"59":2,"60":2,"61":2,"62":0,"63":0,"64":0,"65":0,"66":0,"67":0,"68":0,"69":0,"70":0,"71":0,"72":0,"73":0,"74":1,"75":0,"76":0,"77":0},"f":{"0":1,"1":3,"2":6,"3":0,"4":3,"5":3,"6":4,"7":2,"8":3,"9":5,"10":2,"11":4,"12":2,"13":3,"14":1,"15":3,"16":2,"17":0,"18":0},"b":{"0":[0,3],"1":[6,0],"2":[6,4],"3":[3,0],"4":[5,0],"5":[5,4],"6":[2,0],"7":[0,3],"8":[3,0],"9":[2,0],"10":[0,1],"11":[1,1]},"meta":{"lastBranch":12,"lastFunction":19,"lastStatement":78,"seen":{"s:10:6:10:Infinity":0,"s:11:18:11:Infinity":1,"s:13:0:13:Infinity":2,"f:15:22:15:34":0,"s:16:25:16:Infinity":3,"s:17:17:22:Infinity":4,"s:24:2:26:Infinity":5,"s:25:4:25:Infinity":6,"s:27:2:27:Infinity":7,"f:30:16:30:44":1,"s:31:16:31:Infinity":8,"f:31:25:31:32":2,"s:31:32:31:75":9,"s:32:8:32:Infinity":10,"s:34:25:36:Infinity":11,"b:38:2:43:Infinity:41:9:43:Infinity":0,"s:38:2:43:Infinity":12,"s:39:15:39:Infinity":13,"f:39:32:39:37":3,"s:39:37:39:72":14,"s:40:4:40:Infinity":15,"s:42:4:42:Infinity":16,"s:45:2:45:Infinity":17,"f:48:16:48:39":4,"s:49:45:49:Infinity":18,"s:50:2:55:Infinity":19,"s:51:17:51:Infinity":20,"b:52:4:54:Infinity:undefined:undefined:undefined:undefined":1,"s:52:4:54:Infinity":21,"s:53:6:53:Infinity":22,"b:53:26:53:46:53:46:53:51":2,"s:56:2:56:Infinity":23,"f:59:22:59:41":5,"s:60:16:60:Infinity":24,"s:61:17:61:Infinity":25,"s:62:8:62:Infinity":26,"s:64:14:64:Infinity":27,"s:66:17:66:Infinity":28,"s:67:15:67:Infinity":29,"f:67:26:67:35":6,"s:67:35:67:56":30,"s:69:2:93:Infinity":31,"s:95:2:95:Infinity":32,"f:98:16:98:40":7,"s:99:48:99:Infinity":33,"s:100:2:107:Infinity":34,"f:100:15:100:22":8,"s:101:21:101:Infinity":35,"b:101:36:101:64:101:64:101:Infinity":3,"s:102:4:106:Infinity":36,"f:102:21:102:22":9,"b:103:6:105:Infinity:undefined:undefined:undefined:undefined":4,"s:103:6:105:Infinity":37,"s:104:8:104:Infinity":38,"b:104:30:104:52:104:52:104:57":5,"s:109:25:111:Infinity":39,"f:110:10:110:11":10,"s:110:28:110:33":40,"s:113:25:115:Infinity":41,"b:117:2:130:Infinity:128:9:130:Infinity":6,"s:117:2:130:Infinity":42,"s:118:4:127:Infinity":43,"f:124:32:124:33":11,"s:124:50:124:73":44,"s:129:4:129:Infinity":45,"s:132:2:132:Infinity":46,"f:135:16:135:37":12,"s:136:20:142:Infinity":47,"f:137:9:137:17":13,"s:137:17:140:6":48,"b:138:82:138:90:138:90:138:Infinity":7,"b:139:13:139:36:139:36:139:Infinity":8,"f:141:10:141:11":14,"s:141:20:141:37":49,"s:144:25:146:Infinity":50,"b:148:2:161:Infinity:159:9:161:Infinity":9,"s:148:2:161:Infinity":51,"s:149:4:158:Infinity":52,"f:155:27:155:32":15,"s:155:32:155:60":53,"s:160:4:160:Infinity":54,"s:163:2:163:Infinity":55,"f:166:22:166:41":16,"s:167:30:167:Infinity":56,"s:168:25:168:Infinity":57,"s:169:21:169:Infinity":58,"s:170:26:170:Infinity":59,"s:171:23:171:Infinity":60,"s:173:2:180:Infinity":61,"f:183:15:183:21":17,"s:184:18:184:Infinity":62,"s:185:21:185:Infinity":63,"s:187:2:187:Infinity":64,"s:188:15:188:Infinity":65,"s:190:2:190:Infinity":66,"s:191:18:191:Infinity":67,"s:193:16:200:Infinity":68,"s:202:2:202:Infinity":69,"s:204:24:219:Infinity":70,"s:221:2:221:Infinity":71,"s:222:2:222:Infinity":72,"s:224:2:224:Infinity":73,"b:228:0:233:Infinity:undefined:undefined:undefined:undefined":10,"s:228:0:233:Infinity":74,"b:228:4:228:38:228:38:228:87":11,"s:229:2:232:Infinity":75,"f:229:14:229:21":18,"s:230:4:230:Infinity":76,"s:231:4:231:Infinity":77}}}
}
